<?xml version="1.0" encoding="UTF-8" ?>
<testsuite tests="2" failures="1" name="TestSuite" time="1.436" errors="0" skipped="0">
  <properties>
    <property name="java.runtime.name" value="Java(TM) SE Runtime Environment"/>
    <property name="sun.boot.library.path" value="F:\jdk1.8\bin"/>
    <property name="java.vm.version" value="25.161-b12"/>
    <property name="java.vm.vendor" value="Oracle Corporation"/>
    <property name="maven.multiModuleProjectDirectory" value="C:\Users\Prathibha Heggodu\Desktop\MyProject\Softvision"/>
    <property name="java.vendor.url" value="http://java.oracle.com/"/>
    <property name="path.separator" value=";"/>
    <property name="guice.disable.misplaced.annotation.check" value="true"/>
    <property name="java.vm.name" value="Java HotSpot(TM) 64-Bit Server VM"/>
    <property name="file.encoding.pkg" value="sun.io"/>
    <property name="user.script" value=""/>
    <property name="user.country" value="IN"/>
    <property name="sun.java.launcher" value="SUN_STANDARD"/>
    <property name="sun.os.patch.level" value=""/>
    <property name="java.vm.specification.name" value="Java Virtual Machine Specification"/>
    <property name="user.dir" value="C:\Users\Prathibha Heggodu\Desktop\MyProject\Softvision"/>
    <property name="java.runtime.version" value="1.8.0_161-b12"/>
    <property name="java.awt.graphicsenv" value="sun.awt.Win32GraphicsEnvironment"/>
    <property name="java.endorsed.dirs" value="F:\jdk1.8\lib\endorsed"/>
    <property name="os.arch" value="amd64"/>
    <property name="java.io.tmpdir" value="C:\Users\PRATHI~1\AppData\Local\Temp\"/>
    <property name="line.separator" value="
"/>
    <property name="java.vm.specification.vendor" value="Oracle Corporation"/>
    <property name="user.variant" value=""/>
    <property name="os.name" value="Windows 10"/>
    <property name="classworlds.conf" value="C:\Users\Prathibha Heggodu\Desktop\MyProject\.metadata\.plugins\org.eclipse.m2e.launching\launches\m2conf5142779137329357199.tmp"/>
    <property name="sun.jnu.encoding" value="Cp1252"/>
    <property name="java.library.path" value="F:\jdk1.8\bin;C:\WINDOWS\Sun\Java\bin;C:\WINDOWS\system32;C:\WINDOWS;F:/jdk1.8/bin/server;F:/jdk1.8/bin;F:/jdk1.8/lib/amd64;&quot;C:\oracle\product\10.2.0\db_1\bin;F:\Selenium\apache-maven-3.5.2-bin\apache-maven-3.5.2\bin&quot;;F:\jdk1.8\bin;C:\Program Files (x86)\Intel\iCLS Client\;C:\Program Files\Intel\iCLS Client\;C:\WINDOWS\system32;C:\WINDOWS;C:\WINDOWS\System32\Wbem;C:\WINDOWS\System32\WindowsPowerShell\v1.0\;C:\Program Files (x86)\Intel\Intel(R) Management Engine Components\DAL;C:\Program Files\Intel\Intel(R) Management Engine Components\DAL;C:\Program Files (x86)\Intel\Intel(R) Management Engine Components\IPT;C:\Program Files\Intel\Intel(R) Management Engine Components\IPT;F:\Selenium\apache-maven-3.5.2-bin\apache-maven-3.5.2\bin;F:\Selenium\apache-maven-3.5.2-bin\apache-maven-3.5.2;F:\jdk1.8\bin;C:\Users\Prathibha Heggodu\AppData\Local\Microsoft\WindowsApps;C:\Users\Prathibha Heggodu\AppData\Local\Programs\Fiddler;F:\Selenium\apache-maven-3.5.2-bin\apache-maven-3.5.2\bin;;C:\Users\Prathibha Heggodu\Desktop;;."/>
    <property name="java.specification.name" value="Java Platform API Specification"/>
    <property name="java.class.version" value="52.0"/>
    <property name="sun.management.compiler" value="HotSpot 64-Bit Tiered Compilers"/>
    <property name="os.version" value="10.0"/>
    <property name="user.home" value="C:\Users\Prathibha Heggodu"/>
    <property name="user.timezone" value="Asia/Calcutta"/>
    <property name="java.awt.printerjob" value="sun.awt.windows.WPrinterJob"/>
    <property name="java.specification.version" value="1.8"/>
    <property name="file.encoding" value="Cp1252"/>
    <property name="user.name" value="Prathibha Heggodu"/>
    <property name="java.class.path" value="C:\Users\Prathibha Heggodu\.p2\pool\plugins\org.eclipse.m2e.maven.runtime_1.8.2.20171007-0216\jars\plexus-classworlds-2.5.2.jar"/>
    <property name="java.vm.specification.version" value="1.8"/>
    <property name="sun.arch.data.model" value="64"/>
    <property name="java.home" value="F:\jdk1.8"/>
    <property name="sun.java.command" value="org.codehaus.plexus.classworlds.launcher.Launcher -B test"/>
    <property name="java.specification.vendor" value="Oracle Corporation"/>
    <property name="user.language" value="en"/>
    <property name="awt.toolkit" value="sun.awt.windows.WToolkit"/>
    <property name="java.vm.info" value="mixed mode"/>
    <property name="java.version" value="1.8.0_161"/>
    <property name="java.ext.dirs" value="F:\jdk1.8\lib\ext;C:\WINDOWS\Sun\Java\lib\ext"/>
    <property name="sun.boot.class.path" value="F:\jdk1.8\lib\resources.jar;F:\jdk1.8\lib\rt.jar;F:\jdk1.8\lib\sunrsasign.jar;F:\jdk1.8\lib\jsse.jar;F:\jdk1.8\lib\jce.jar;F:\jdk1.8\lib\charsets.jar;F:\jdk1.8\lib\jfr.jar;F:\jdk1.8\classes"/>
    <property name="java.vendor" value="Oracle Corporation"/>
    <property name="maven.home" value="C:\Users\Prathibha Heggodu\Desktop\MyProject\Softvision\EMBEDDED"/>
    <property name="file.separator" value="\"/>
    <property name="java.vendor.url.bug" value="http://bugreport.sun.com/bugreport/"/>
    <property name="sun.cpu.endian" value="little"/>
    <property name="sun.io.unicode.encoding" value="UnicodeLittle"/>
    <property name="sun.desktop" value="windows"/>
    <property name="sun.cpu.isalist" value="amd64"/>
  </properties>
  <testcase classname="com.softvision.project.FreeCRMTest" name="freeCrmTitleTest" time="1.158">
    <failure message="expected:&lt;#1 Free CRM for Any Business: Online Customer Relationship Software&gt; but was:&lt;hi&gt;" type="java.lang.AssertionError">java.lang.AssertionError: expected:&lt;#1 Free CRM for Any Business: Online Customer Relationship Software&gt; but was:&lt;hi&gt;
	at org.testng.AssertJUnit.assertEquals(AssertJUnit.java:101)
	at org.testng.AssertJUnit.assertEquals(AssertJUnit.java:108)
	at com.softvision.project.FreeCRMTest.freeCrmTitleTest(FreeCRMTest.java:85)
</failure>
    <system-out>Configuring TestNG with: org.apache.maven.surefire.testng.conf.TestNG652Configurator@57fa26b7
#1 Free CRM for Any Business: Online Customer Relationship Software
</system-out>
    <system-err>Starting ChromeDriver 2.33.506120 (e3e53437346286c0bc2d2dc9aa4915ba81d9023f) on port 27057
Only local connections are allowed.
Mar 07, 2018 5:43:32 AM org.openqa.selenium.remote.ProtocolHandshake createSession
INFO: Detected dialect: OSS
</system-err>
  </testcase>
  <testcase classname="com.softvision.project.TestClass1" name="add" time="0.278"/>
</testsuite>