<?xml version="1.0" encoding="UTF-8"?>
<!-- Generated by org.testng.reporters.JUnitReportReporter -->
<testsuite skipped="0" hostname="LAPTOP-22IB8IBB" name="com.softvision.xmlparameters.Sample" tests="1" failures="0" timestamp="09 Mar 2018 03:47:37 GMT" time="36.732" errors="0">
  <testcase name="yahooSign" time="36.732" classname="com.softvision.xmlparameters.Sample"/>
</testsuite> <!-- com.softvision.xmlparameters.Sample -->
