<?xml version="1.0" encoding="UTF-8"?>
<!-- Generated by org.testng.reporters.JUnitReportReporter -->
<testsuite skipped="0" hostname="LAPTOP-22IB8IBB" name="com.softvision.xmlparameters.TC_004_ResponseCode" tests="1" failures="0" timestamp="09 Mar 2018 11:04:21 GMT" time="16.471" errors="0">
  <testcase name="responseCode" time="16.471" classname="com.softvision.xmlparameters.TC_004_ResponseCode"/>
</testsuite> <!-- com.softvision.xmlparameters.TC_004_ResponseCode -->
