<?xml version="1.0" encoding="UTF-8"?>
<!-- Generated by org.testng.reporters.JUnitReportReporter -->
<testsuite skipped="0" hostname="LAPTOP-22IB8IBB" name="com.softvision.project.TC_002_YahooSignUp" tests="1" failures="0" timestamp="06 Mar 2018 23:06:33 GMT" time="41.932" errors="0">
  <testcase name="yahooSign" time="41.932" classname="com.softvision.project.TC_002_YahooSignUp"/>
</testsuite> <!-- com.softvision.project.TC_002_YahooSignUp -->
