<?xml version="1.0" encoding="UTF-8"?>
<!-- Generated by org.testng.reporters.JUnitReportReporter -->
<testsuite skipped="0" hostname="LAPTOP-22IB8IBB" name="com.softvision.project.Sample" tests="1" failures="0" timestamp="07 Mar 2018 18:14:43 GMT" time="41.505" errors="0">
  <testcase name="url" time="41.505" classname="com.softvision.project.Sample"/>
</testsuite> <!-- com.softvision.project.Sample -->
