<?xml version="1.0" encoding="UTF-8"?>
<!-- Generated by org.testng.reporters.JUnitReportReporter -->
<testsuite hostname="LAPTOP-22IB8IBB" failures="0" tests="1" name="project.softvision.TestClass1" time="0.022" errors="0" timestamp="05 Mar 2018 15:14:30 GMT" skipped="0">
  <testcase classname="project.softvision.TestClass1" name="add" time="0.022"/>
</testsuite> <!-- project.softvision.TestClass1 -->
