<?xml version="1.0" encoding="UTF-8"?>
<!-- Generated by org.testng.reporters.JUnitReportReporter -->
<testsuite hostname="LAPTOP-22IB8IBB" failures="0" tests="1" name="project.softvision.Sample" time="73.543" errors="0" timestamp="05 Mar 2018 15:16:28 GMT" skipped="0">
  <testcase classname="project.softvision.Sample" name="url" time="73.543"/>
</testsuite> <!-- project.softvision.Sample -->
