<?xml version="1.0" encoding="UTF-8"?>
<!-- Generated by org.testng.reporters.JUnitReportReporter -->
<testsuite skipped="0" hostname="LAPTOP-22IB8IBB" name="com.softvision.project.TC_001_ResponseCode" tests="1" failures="0" timestamp="07 Mar 2018 08:33:23 GMT" time="3.545" errors="0">
  <testcase name="responseCode" time="3.545" classname="com.softvision.project.TC_001_ResponseCode"/>
</testsuite> <!-- com.softvision.project.TC_001_ResponseCode -->
