<?xml version="1.0" encoding="UTF-8"?>
<!-- Generated by org.testng.reporters.JUnitReportReporter -->
<testsuite skipped="0" hostname="LAPTOP-22IB8IBB" name="com.softvision.xmlparameters.TC_001_ResponseCode" tests="1" failures="0" timestamp="09 Mar 2018 10:29:20 GMT" time="10.530" errors="0">
  <testcase name="responseCode" time="10.530" classname="com.softvision.xmlparameters.TC_001_ResponseCode"/>
</testsuite> <!-- com.softvision.xmlparameters.TC_001_ResponseCode -->
