<?xml version="1.0" encoding="UTF-8"?>
<!-- Generated by org.testng.reporters.JUnitReportReporter -->
<testsuite skipped="0" hostname="LAPTOP-22IB8IBB" name="com.softvision.project.TC_004_ResponseCode2" tests="1" failures="0" timestamp="07 Mar 2018 11:34:28 GMT" time="9.072" errors="0">
  <testcase name="responseCode" time="9.072" classname="com.softvision.project.TC_004_ResponseCode2"/>
</testsuite> <!-- com.softvision.project.TC_004_ResponseCode2 -->
