<?xml version="1.0" encoding="UTF-8"?>
<!-- Generated by org.testng.reporters.JUnitReportReporter -->
<testsuite skipped="0" hostname="LAPTOP-22IB8IBB" name="com.softvision.hardcoded.TC_002_ResponseCode" tests="1" failures="0" timestamp="09 Mar 2018 11:03:31 GMT" time="11.373" errors="0">
  <testcase name="responseCode" time="11.373" classname="com.softvision.hardcoded.TC_002_ResponseCode"/>
</testsuite> <!-- com.softvision.hardcoded.TC_002_ResponseCode -->
