<?xml version="1.0" encoding="UTF-8"?>
<!-- Generated by org.testng.reporters.JUnitReportReporter -->
<testsuite skipped="0" hostname="LAPTOP-22IB8IBB" name="com.softvision.project.TestClass1" tests="1" failures="0" timestamp="07 Mar 2018 00:14:03 GMT" time="0.278" errors="0">
  <testcase name="add" time="0.278" classname="com.softvision.project.TestClass1"/>
</testsuite> <!-- com.softvision.project.TestClass1 -->
